d:\docs\cpp\git\b_2nd_sem\b_2\b_2\release\vc143.pdb
d:\docs\cpp\git\b_2nd_sem\b_2\b_2\release\oop_1.1.obj
d:\docs\cpp\git\b_2nd_sem\b_2\b_2\release\functions.obj
d:\docs\cpp\git\b_2nd_sem\b_2\b_2\release\create_numbers.obj
d:\docs\cpp\git\b_2nd_sem\b_2\b_2\release\create_11.obj
d:\docs\cpp\git\b_2nd_sem\b_2\b_2\release\alg_lab_n11.obj
d:\docs\cpp\git\b_2nd_sem\b_2\b_2\release\algorithms_lab.obj
d:\docs\cpp\git\b_2nd_sem\b_2\b_2\release\2.7.obj
d:\docs\cpp\git\b_2nd_sem\b_2\b_2\release\2.6.obj
d:\docs\cpp\git\b_2nd_sem\b_2\b_2\release\2.5.obj
d:\docs\cpp\git\b_2nd_sem\b_2\b_2\release\2.4.obj
d:\docs\cpp\git\b_2nd_sem\b_2\b_2\release\2.3.obj
d:\docs\cpp\git\b_2nd_sem\b_2\b_2\release\2.2.obj
d:\docs\cpp\git\b_2nd_sem\b_2\b_2\release\2.1.obj
d:\docs\cpp\git\b_2nd_sem\b_2\b_2\release\1.6.obj
d:\docs\cpp\git\b_2nd_sem\b_2\b_2\release\1.5.obj
d:\docs\cpp\git\b_2nd_sem\b_2\b_2\release\1.4.obj
d:\docs\cpp\git\b_2nd_sem\b_2\b_2\release\1.3.obj
d:\docs\cpp\git\b_2nd_sem\b_2\b_2\release\main.obj
d:\docs\cpp\git\b_2nd_sem\b_2\b_2\release\1.2.obj
d:\docs\cpp\git\b_2nd_sem\b_2\b_2\release\1.1.obj
d:\docs\cpp\git\b_2nd_sem\b_2\b_2\release\oop_1.3.obj
d:\docs\cpp\git\b_2nd_sem\b_2\b_2\release\oop_1.2.obj
d:\docs\cpp\git\b_2nd_sem\b_2\release\b_2.exe
d:\docs\cpp\git\b_2nd_sem\b_2\b_2\release\b_2.ipdb
d:\docs\cpp\git\b_2nd_sem\b_2\b_2\release\b_2.iobj
d:\docs\cpp\git\b_2nd_sem\b_2\release\b_2.pdb
d:\docs\cpp\git\b_2nd_sem\b_2\b_2\release\b_2.tlog\cl.command.1.tlog
d:\docs\cpp\git\b_2nd_sem\b_2\b_2\release\b_2.tlog\cl.read.1.tlog
d:\docs\cpp\git\b_2nd_sem\b_2\b_2\release\b_2.tlog\cl.write.1.tlog
d:\docs\cpp\git\b_2nd_sem\b_2\b_2\release\b_2.tlog\link.command.1.tlog
d:\docs\cpp\git\b_2nd_sem\b_2\b_2\release\b_2.tlog\link.read.1.tlog
d:\docs\cpp\git\b_2nd_sem\b_2\b_2\release\b_2.tlog\link.write.1.tlog
