  1.1.cpp
  1.2.cpp
  Main.cpp
  1.3.cpp
D:\Docs\cpp\git\B_2nd_sem\B_2\B_2\1.3.cpp(32,12): warning C4244: аргумент: преобразование "time_t" в "unsigned int", возможна потеря данных
  1.4.cpp
  1.5.cpp
D:\Docs\cpp\git\B_2nd_sem\B_2\B_2\1.5.cpp(19,56): warning C4244: аргумент: преобразование "double" в "int", возможна потеря данных
  1.6.cpp
D:\Docs\cpp\git\B_2nd_sem\B_2\B_2\1.6.cpp(152,15): warning C4244: аргумент: преобразование "time_t" в "unsigned int", возможна потеря данных
D:\Docs\cpp\git\B_2nd_sem\B_2\B_2\1.6.cpp(160,15): warning C4244: аргумент: преобразование "time_t" в "unsigned int", возможна потеря данных
D:\Docs\cpp\git\B_2nd_sem\B_2\B_2\1.6.cpp(168,15): warning C4244: аргумент: преобразование "time_t" в "unsigned int", возможна потеря данных
D:\Docs\cpp\git\B_2nd_sem\B_2\B_2\1.6.cpp(145,15): warning C4244: аргумент: преобразование "time_t" в "unsigned int", возможна потеря данных
D:\Docs\cpp\git\B_2nd_sem\B_2\B_2\1.6.cpp(242): message : выполняется компиляция ссылки на экземпляр шаблон функции "void randArr<int>(T *,int)"
          with
          [
              T=int
          ]
  2.1.cpp
  2.2.cpp
D:\Docs\cpp\git\B_2nd_sem\B_2\B_2\2.2.cpp(120,15): warning C4244: аргумент: преобразование "time_t" в "unsigned int", возможна потеря данных
  2.3.cpp
D:\Docs\cpp\git\B_2nd_sem\B_2\B_2\2.3.cpp(113,12): warning C4244: аргумент: преобразование "time_t" в "unsigned int", возможна потеря данных
  2.4.cpp
D:\Docs\cpp\git\B_2nd_sem\B_2\B_2\2.4.cpp(105,12): warning C4244: аргумент: преобразование "time_t" в "unsigned int", возможна потеря данных
  2.5.cpp
  2.6.cpp
  2.7.cpp
  Algorithms_lab.cpp
c1xx : fatal error C1083: Не удается открыть файл источник: Algorithms_lab.cpp: No such file or directory,
  Alg_lab_n11.cpp
c1xx : fatal error C1083: Не удается открыть файл источник: Alg_lab_n11.cpp: No such file or directory,
  create_11.cpp
D:\Docs\cpp\git\B_2nd_sem\B_2\B_2\create_11.cpp(9,12): warning C4244: аргумент: преобразование "time_t" в "unsigned int", возможна потеря данных
  create_numbers.cpp
  Functions.cpp
D:\Docs\cpp\git\B_2nd_sem\B_2\B_2\Functions.cpp(32,22): warning C4244: инициализация: преобразование "double" в "int", возможна потеря данных
  oop_1.1.cpp
D:\Docs\cpp\git\B_2nd_sem\B_2\B_2\oop_1.1.cpp(16,12): warning C4244: аргумент: преобразование "time_t" в "unsigned int", возможна потеря данных
D:\Docs\cpp\git\B_2nd_sem\B_2\B_2\oop_1.1.cpp(29,12): warning C4244: инициализация: преобразование "double" в "float", возможна потеря данных
D:\Docs\cpp\git\B_2nd_sem\B_2\B_2\oop_1.1.cpp(41,12): warning C4244: инициализация: преобразование "double" в "float", возможна потеря данных
D:\Docs\cpp\git\B_2nd_sem\B_2\B_2\oop_1.1.cpp(114,18): warning C4244: инициализация: преобразование "double" в "float", возможна потеря данных
D:\Docs\cpp\git\B_2nd_sem\B_2\B_2\oop_1.1.cpp(180,23): warning C4244: =: преобразование "double" в "float", возможна потеря данных
D:\Docs\cpp\git\B_2nd_sem\B_2\B_2\oop_1.1.cpp(192,23): warning C4244: =: преобразование "double" в "float", возможна потеря данных
  Компиляция...
  oop_1.2.cpp
D:\Docs\cpp\git\B_2nd_sem\B_2\B_2\oop_1.2.cpp(15,12): warning C4244: аргумент: преобразование "time_t" в "unsigned int", возможна потеря данных
D:\Docs\cpp\git\B_2nd_sem\B_2\B_2\oop_1.2.cpp(29,12): warning C4244: инициализация: преобразование "double" в "float", возможна потеря данных
D:\Docs\cpp\git\B_2nd_sem\B_2\B_2\oop_1.2.cpp(41,12): warning C4244: инициализация: преобразование "double" в "float", возможна потеря данных
  oop_1.3.cpp
D:\Docs\cpp\git\B_2nd_sem\B_2\B_2\oop_1.3.cpp(66,15): warning C4244: аргумент: преобразование "time_t" в "unsigned int", возможна потеря данных
D:\Docs\cpp\git\B_2nd_sem\B_2\B_2\oop_1.3.cpp(90,145): warning C4244: аргумент: преобразование "double" в "const float", возможна потеря данных
D:\Docs\cpp\git\B_2nd_sem\B_2\B_2\oop_1.3.cpp(93,147): warning C4244: аргумент: преобразование "double" в "const float", возможна потеря данных
D:\Docs\cpp\git\B_2nd_sem\B_2\B_2\oop_1.3.cpp(122,26): warning C4018: <: несоответствие типов со знаком и без знака
D:\Docs\cpp\git\B_2nd_sem\B_2\B_2\oop_1.3.cpp(137,18): warning C4018: <: несоответствие типов со знаком и без знака
D:\Docs\cpp\git\B_2nd_sem\B_2\B_2\oop_1.3.cpp(159,23): warning C4018: <: несоответствие типов со знаком и без знака
  oop_2.1.cpp
D:\Docs\cpp\git\B_2nd_sem\B_2\B_2\oop_2.1.cpp(1,10): fatal error C1083: Не удается открыть файл включение: MyVector.h: No such file or directory,
  oop_2.2.cpp
D:\Docs\cpp\git\B_2nd_sem\B_2\B_2\oop_2.2.cpp(197,1): fatal error C1903: не удается восстановить после предыдущих ошибок; остановка компиляции
